chinese|common|10-lines-you-need-for-introducing-yourself
chinese|common|10-phrases-you-never-want-to-hear
chinese|common|10-words-and-phrases-youll-need-for-the-academy-awards
chinese|common|12-days-of-christmas
chinese|common|12-phrases-you-can-use-on-april-fools-day
chinese|common|15-love-phrases-for-valentines-day
chinese|common|15-most-common-break-up-lines
chinese|common|15-words-and-phrases-youll-need-for-black-history-month
chinese|common|17-untranslatable-words-from-around-the-world
chinese|common|20-common-words-for-occupations
chinese|common|20-words-youll-need-for-the-beach
chinese|common|animal-names
chinese|common|armed-forces-day-in-the-united-states
chinese|common|around-town
chinese|common|bedroom
chinese|common|birthday-of-martin-luther-king-jr
chinese|common|body-describing-the-body
chinese|common|body-parts
chinese|common|break-up-quotes
chinese|common|buildings
chinese|common|can-you-guess-these-languages
chinese|common|clothes
chinese|common|clothing-accessories
chinese|common|clothing-related-actions
chinese|common|columbus-day
chinese|common|common-health-problems
chinese|common|common-phrases-to-know-about-having-a-baby
chinese|common|common-phrases-youll-need-for-a-date
chinese|common|common-ways-to-say-hello
chinese|common|common-ways-to-say-thank-you
chinese|common|competition
chinese|common|computer
chinese|common|cooking
chinese|common|daily-life-related-actions
chinese|common|do-you-know-the-essential-summer-vocabulary
chinese|common|dont-travel-without-knowing-these-top-10-verbs
chinese|common|easter
chinese|common|election-day-in-the-united-states
chinese|common|encouraging-phrases
chinese|common|fathers-day
chinese|common|favorite-words
chinese|common|feeling-happy-learn-the-top-20-words-for-positive-emotions
chinese|common|feeling-sad-learn-the-top-21-words-for-negative-emotions
chinese|common|food-fruits-vegetables
chinese|common|fourth-of-july-in-the-united-states
chinese|common|fruit
chinese|common|gossiping-phrases
chinese|common|graduation-season
chinese|common|green-vocabulary-for-earth-day
chinese|common|happy-new-year-words-phrases-for-the-new-year
chinese|common|holiday-greetings-and-wishes-for-the-holiday-season
chinese|common|home-items
chinese|common|how-do-you-motivate-yourself-when-learning-a-language
chinese|common|how-to-express-quantity
chinese|common|how-to-improve-your-listening-skills
chinese|common|how-to-improve-your-speaking-skills
chinese|common|how-to-introduce-yourself-in-different-languages
chinese|common|back-to-school-essentials
chinese|common|common-ways-to-say-sorry
chinese|common|flag-day
chinese|common|how-will-you-spend-your-summer-vacation
chinese|common|most-common-adjectives
chinese|common|online-shopping-vocabulary
chinese|common|talking-about-colors
chinese|common|top-10-foods-that-will-kill-you-faster
chinese|common|top-15-compliments-you-always-want-to-hear
chinese|common|vehicles
chinese|common|whats-your-number-one-reason-for-learning
chinese|common|words-and-phrases-for-enjoying-the-2016-summer-olympics
chinese|common|how-will-you-spend-your-winter-holiday
chinese|common|hygiene
chinese|common|in-the-classroom
chinese|common|international-talk-like-a-pirate-day
chinese|common|kitchen
chinese|common|labor-day-in-the-united-states
chinese|common|learn-the-top-15-weather-conditions
chinese|common|making-complaints
chinese|common|march-madness-basketball
chinese|common|marine-animals
chinese|common|marriage-proposal-lines
chinese|common|media
chinese|common|meetings
chinese|common|memorial-day-in-the-united-states
chinese|common|most-common-texting-slang
chinese|common|most-common-ways-to-say-goodbye
chinese|common|most-useful-pronouns
chinese|common|mothers-day
chinese|common|must-know-autumn-vocabulary
chinese|common|must-know-christmas-day-vocabulary
chinese|common|must-know-expressions-for-agreeing-and-disagreeing
chinese|common|must-know-math-words-and-phrases
chinese|common|must-know-phrases-for-game-of-thrones-season-7
chinese|common|must-know-terms-for-family-members
chinese|common|must-know-valentines-day-vocabulary
chinese|common|must-know-words-phrases-for-oktoberfest
chinese|common|must-know-words-phrases-to-use-at-an-amusement-park
chinese|common|numbers
chinese|common|phrases-related-to-diets
chinese|common|phrases-to-use-when-youre-angry
chinese|common|phrases-you-need-at-the-bus-or-train-station
chinese|common|phrases-your-parents-always-say
chinese|common|quotes-about-love
chinese|common|religion
chinese|common|school
chinese|common|st-patricks-day
chinese|common|star-wars-day
chinese|common|summer-clothes-and-accessories
chinese|common|supermarket-words-and-phrases
chinese|common|survive-the-zombie-apocalypse-with-these-top-20-words-and-phrases
chinese|common|take-a-bite-out-of-these-shark-week-words
chinese|common|talking-about-days
chinese|common|talking-about-months
chinese|common|talking-about-time
chinese|common|thanksgiving-day-in-the-united-states
chinese|common|the-10-most-romantic-ideas-for-a-date
chinese|common|the-baseball-words-youll-need-for-the-world-series
chinese|common|the-top-10-ways-to-prepare-for-travel
chinese|common|the-top-one-million-words-you-need-to-know-for-april-fools-day
chinese|common|tongue-twisters-in-different-languages
chinese|common|too-cool-for-school-top-15-phrases-for-bad-students
chinese|common|top-10-christmas-characters-in-american-culture
chinese|common|top-10-conversational-phrases
chinese|common|top-10-foods-that-will-make-you-live-longer
chinese|common|top-10-hardest-words-to-pronounce
chinese|common|top-10-inspirational-quotes
chinese|common|top-10-language-learning-strategies
chinese|common|top-10-new-years-resolutions
chinese|common|top-10-phrases-that-make-you-look-like-a-fool
chinese|common|top-10-phrases-to-amaze-native-speakers
chinese|common|top-10-phrases-you-always-want-to-hear
chinese|common|top-10-quotes-about-family
chinese|common|top-10-quotes-about-friendship
chinese|common|top-10-quotes-about-language-learning
chinese|common|top-10-sentence-patterns-for-beginners
chinese|common|top-11-quotes-about-success
chinese|common|top-15-questions-you-should-know-for-conversations
chinese|common|top-15-things-to-do-over-spring-break
chinese|common|top-20-words-youll-need-for-the-internet
chinese|common|top-30-travel-phrases-you-should-know
chinese|common|top-38-languages-spoken-in-the-world
chinese|common|top-7-lists-youll-need-to-improve-your-language-skills
chinese|common|top-excuses-people-use-to-put-off-learning-language
chinese|common|tourist-attractions
chinese|common|trade
chinese|common|trains
chinese|common|travel
chinese|common|traveling
chinese|common|useful-phrases-for-a-phone-call
chinese|common|veterans-day-in-the-united-states
chinese|common|vocabulary-and-phrases-for-the-restaurant
chinese|common|vocabulary-for-nationalities
chinese|common|vocabulary-for-the-25-most-commonly-used-verbs-of-any-language
chinese|common|washingtons-birthday
chinese|common|ways-to-reject-an-invitation
chinese|common|weekend-activities
chinese|common|what-are-the-top-10-summer-sports
chinese|common|what-gift-do-you-want-the-most-this-holiday-season
chinese|common|what-is-your-language-learning-goal-for-the-month
chinese|common|what-was-the-first-phrase-you-learned
chinese|common|whats-the-adjective-that-describes-your-personality-the-best
chinese|common|which-language-would-you-like-to-learn-with-innovativelanguagecom
chinese|common|winter
chinese|common|winter-clothes
chinese|common|word-phrase-list-for-007-james-bond-spectre
chinese|common|word-phrase-list-for-avengers-age-of-ultron
chinese|common|word-phrase-list-for-dancing-with-the-stars
chinese|common|word-phrase-list-for-downton-abbey
chinese|common|word-phrase-list-for-jurassic-world
chinese|common|word-phrase-list-for-mad-max
chinese|common|word-phrase-list-for-mission-impossible-5
chinese|common|word-phrase-list-for-the-apple-keynote-event
chinese|common|word-phrase-list-for-the-hunger-games-mockingjay-part-2
chinese|common|words-and-phrases-for-enjoying-the-cannes-film-festival
chinese|common|words-and-phrases-to-get-you-through-friday-the-13th
chinese|common|words-and-phrases-to-help-you-describe-your-feelings
chinese|common|words-and-phrases-to-help-you-in-an-emergency
chinese|common|words-and-phrases-to-wake-you-up-for-international-coffee-day
chinese|common|words-for-cosmetics-and-beauty
chinese|common|words-for-winter-snow-days
chinese|common|words-phrases-for-fantastic-beasts-and-where-to-find-them
chinese|common|words-to-know-for-presidents-day-in-the-united-states
chinese|common|world-continents-territories
chinese|common|world-countries
chinese|common|world-cup
chinese|common|world-cup-2014
chinese|extra|airplane
chinese|extra|animals
chinese|extra|arbor-day
chinese|extra|childrens-day
chinese|extra|clothing-actions
chinese|extra|computer-words
chinese|extra|disasters
chinese|extra|flag-day-in-the-united-states
chinese|extra|food-utensils-tableware
chinese|extra|get-ready-for-the-super-bowl
chinese|extra|home-interior
chinese|extra|how-do-you-remember-words
chinese|extra|how-to-ask-how-are-you-and-answer-it
chinese|extra|jobs-work
chinese|extra|major-cities
chinese|extra|must-know-adverbs-and-phrases-for-connecting-thoughts
chinese|extra|new-years-list
chinese|extra|olympics
chinese|extra|position-direction
chinese|extra|production
chinese|extra|restaurant
chinese|extra|school-subjects
chinese|extra|shopping
chinese|extra|sounds-that-animals-make
chinese|extra|technology
chinese|extra|the-weather
chinese|extra|top-ways-to-practice-your-language-reading-skills
chinese|extra|whats-your-favorite-way-to-learn-a-language
chinese|extra|words-for-the-first-day-of-spring
chinese|extra|workplace
chinese|extra|world-cup-soccer
english|common|17-untranslatable-words-from-around-the-world
english|common|can-you-guess-these-languages
english|common|how-to-introduce-yourself-in-different-languages
english|common|flag-day
english|common|tongue-twisters-in-different-languages
english|common|top-10-sentence-patterns-for-beginners
english|common|top-7-lists-youll-need-to-improve-your-language-skills
english|common|which-language-would-you-like-to-learn-with-innovativelanguagecom
english|extra|new-years-list
french|common|17-untranslatable-words-from-around-the-world
french|common|can-you-guess-these-languages
french|common|how-to-introduce-yourself-in-different-languages
french|common|flag-day
french|common|tongue-twisters-in-different-languages
french|common|top-10-sentence-patterns-for-beginners
french|common|top-7-lists-youll-need-to-improve-your-language-skills
french|common|which-language-would-you-like-to-learn-with-innovativelanguagecom
german|common|17-untranslatable-words-from-around-the-world
german|common|can-you-guess-these-languages
german|common|how-to-introduce-yourself-in-different-languages
german|common|flag-day
german|common|tongue-twisters-in-different-languages
german|common|top-10-sentence-patterns-for-beginners
german|common|top-7-lists-youll-need-to-improve-your-language-skills
german|common|which-language-would-you-like-to-learn-with-innovativelanguagecom
italian|common|17-untranslatable-words-from-around-the-world
italian|common|can-you-guess-these-languages
italian|common|how-to-introduce-yourself-in-different-languages
italian|common|tongue-twisters-in-different-languages
italian|common|top-10-sentence-patterns-for-beginners
italian|common|top-7-lists-youll-need-to-improve-your-language-skills
italian|common|which-language-would-you-like-to-learn-with-innovativelanguagecom
italian|extra|carnival
italian|extra|republic-day
japanese|common|17-untranslatable-words-from-around-the-world
japanese|common|can-you-guess-these-languages
japanese|common|how-to-introduce-yourself-in-different-languages
japanese|common|flag-day
japanese|common|most-common-adjectives
japanese|common|online-shopping-vocabulary
japanese|common|talking-about-colors
japanese|common|top-10-foods-that-will-kill-you-faster
japanese|common|top-15-compliments-you-always-want-to-hear
japanese|common|vehicles
japanese|common|whats-your-number-one-reason-for-learning
japanese|common|words-and-phrases-for-enjoying-the-2016-summer-olympics
japanese|common|international-talk-like-a-pirate-day
japanese|common|kitchen
japanese|common|labor-day-in-the-united-states
japanese|common|learn-the-top-15-weather-conditions
japanese|common|making-complaints
japanese|common|march-madness-basketball
japanese|common|marine-animals
japanese|common|marriage-proposal-lines
japanese|common|media
japanese|common|meetings
japanese|common|memorial-day-in-the-united-states
japanese|common|most-common-texting-slang
japanese|common|most-common-ways-to-say-goodbye
japanese|common|most-useful-pronouns
japanese|common|mothers-day
japanese|common|must-know-autumn-vocabulary
japanese|common|must-know-christmas-day-vocabulary
japanese|common|must-know-expressions-for-agreeing-and-disagreeing
japanese|common|must-know-math-words-and-phrases
japanese|common|must-know-phrases-for-game-of-thrones-season-7
japanese|common|must-know-terms-for-family-members
japanese|common|must-know-valentines-day-vocabulary
japanese|common|must-know-words-phrases-for-oktoberfest
japanese|common|must-know-words-phrases-to-use-at-an-amusement-park
japanese|common|numbers
japanese|common|phrases-related-to-diets
japanese|common|phrases-to-use-when-youre-angry
japanese|common|phrases-you-need-at-the-bus-or-train-station
japanese|common|phrases-your-parents-always-say
japanese|common|quotes-about-love
japanese|common|religion
japanese|common|school
japanese|common|st-patricks-day
japanese|common|star-wars-day
japanese|common|summer-clothes-and-accessories
japanese|common|supermarket-words-and-phrases
japanese|common|survive-the-zombie-apocalypse-with-these-top-20-words-and-phrases
japanese|common|take-a-bite-out-of-these-shark-week-words
japanese|common|talking-about-days
japanese|common|talking-about-months
japanese|common|talking-about-time
japanese|common|thanksgiving-day-in-the-united-states
japanese|common|the-10-most-romantic-ideas-for-a-date
japanese|common|the-baseball-words-youll-need-for-the-world-series
japanese|common|the-top-10-ways-to-prepare-for-travel
japanese|common|the-top-one-million-words-you-need-to-know-for-april-fools-day
japanese|common|tongue-twisters-in-different-languages
japanese|common|too-cool-for-school-top-15-phrases-for-bad-students
japanese|common|top-10-christmas-characters-in-american-culture
japanese|common|top-10-conversational-phrases
japanese|common|top-10-foods-that-will-make-you-live-longer
japanese|common|top-10-hardest-words-to-pronounce
japanese|common|top-10-inspirational-quotes
japanese|common|top-10-language-learning-strategies
japanese|common|top-10-new-years-resolutions
japanese|common|top-10-phrases-that-make-you-look-like-a-fool
japanese|common|top-10-phrases-to-amaze-native-speakers
japanese|common|top-10-phrases-you-always-want-to-hear
japanese|common|top-10-quotes-about-family
japanese|common|top-10-quotes-about-friendship
japanese|common|top-10-quotes-about-language-learning
japanese|common|top-10-sentence-patterns-for-beginners
japanese|common|top-11-quotes-about-success
japanese|common|top-15-questions-you-should-know-for-conversations
japanese|common|top-15-things-to-do-over-spring-break
japanese|common|top-20-words-youll-need-for-the-internet
japanese|common|top-30-travel-phrases-you-should-know
japanese|common|top-38-languages-spoken-in-the-world
japanese|common|top-7-lists-youll-need-to-improve-your-language-skills
japanese|common|top-excuses-people-use-to-put-off-learning-language
japanese|common|tourist-attractions
japanese|common|trade
japanese|common|trains
japanese|common|travel
japanese|common|traveling
japanese|common|useful-phrases-for-a-phone-call
japanese|common|veterans-day-in-the-united-states
japanese|common|vocabulary-and-phrases-for-the-restaurant
japanese|common|vocabulary-for-nationalities
japanese|common|vocabulary-for-the-25-most-commonly-used-verbs-of-any-language
japanese|common|washingtons-birthday
japanese|common|ways-to-reject-an-invitation
japanese|common|weekend-activities
japanese|common|what-are-the-top-10-summer-sports
japanese|common|what-gift-do-you-want-the-most-this-holiday-season
japanese|common|what-is-your-language-learning-goal-for-the-month
japanese|common|what-was-the-first-phrase-you-learned
japanese|common|whats-the-adjective-that-describes-your-personality-the-best
japanese|common|which-language-would-you-like-to-learn-with-innovativelanguagecom
japanese|common|winter
japanese|common|winter-clothes
japanese|common|word-phrase-list-for-007-james-bond-spectre
japanese|common|word-phrase-list-for-avengers-age-of-ultron
japanese|common|word-phrase-list-for-dancing-with-the-stars
japanese|common|word-phrase-list-for-downton-abbey
japanese|common|word-phrase-list-for-jurassic-world
japanese|common|word-phrase-list-for-mad-max
japanese|common|word-phrase-list-for-mission-impossible-5
japanese|common|word-phrase-list-for-the-apple-keynote-event
japanese|common|word-phrase-list-for-the-hunger-games-mockingjay-part-2
japanese|common|words-and-phrases-for-enjoying-the-cannes-film-festival
japanese|common|words-and-phrases-to-get-you-through-friday-the-13th
japanese|common|words-and-phrases-to-help-you-describe-your-feelings
japanese|common|words-and-phrases-to-help-you-in-an-emergency
japanese|common|words-and-phrases-to-wake-you-up-for-international-coffee-day
japanese|common|words-for-cosmetics-and-beauty
japanese|common|words-for-winter-snow-days
japanese|common|words-phrases-for-fantastic-beasts-and-where-to-find-them
japanese|common|words-to-know-for-presidents-day-in-the-united-states
japanese|common|world-continents-territories
japanese|common|world-countries
japanese|common|world-cup
japanese|common|world-cup-2014
japanese|extra|the-weather
portuguese|common|17-untranslatable-words-from-around-the-world
portuguese|common|can-you-guess-these-languages
portuguese|common|how-to-introduce-yourself-in-different-languages
portuguese|common|tongue-twisters-in-different-languages
portuguese|common|top-10-sentence-patterns-for-beginners
portuguese|common|top-7-lists-youll-need-to-improve-your-language-skills
portuguese|common|which-language-would-you-like-to-learn-with-innovativelanguagecom
portuguese|extra|15-ways-to-study-portuguese-for-free-with-portuguesepod101
portuguese|extra|top-10-free-portuguese-lessons-you-can%e2%80%99t-miss
spanish|common|10-lines-you-need-for-introducing-yourself
spanish|common|10-words-and-phrases-youll-need-for-the-academy-awards
spanish|common|12-phrases-you-can-use-on-april-fools-day
spanish|common|15-love-phrases-for-valentines-day
spanish|common|15-words-and-phrases-youll-need-for-black-history-month
spanish|common|17-untranslatable-words-from-around-the-world
spanish|common|20-common-words-for-occupations
spanish|common|animal-names
spanish|common|armed-forces-day-in-the-united-states
spanish|common|around-town
spanish|common|bedroom
spanish|common|body-describing-the-body
spanish|common|body-parts
spanish|common|break-up-quotes
spanish|common|can-you-guess-these-languages
spanish|common|clothing-related-actions
spanish|common|common-phrases-to-know-about-having-a-baby
spanish|common|common-phrases-youll-need-for-a-date
spanish|common|common-ways-to-say-hello
spanish|common|common-ways-to-say-thank-you
spanish|common|competition
spanish|common|computer
spanish|common|cooking
spanish|common|daily-life-related-actions
spanish|common|election-day-in-the-united-states
spanish|common|encouraging-phrases
spanish|common|feeling-sad-learn-the-top-21-words-for-negative-emotions
spanish|common|food-fruits-vegetables
spanish|common|fruit
spanish|common|gossiping-phrases
spanish|common|graduation-season
spanish|common|home-items
spanish|common|how-to-express-quantity
spanish|common|how-to-improve-your-listening-skills
spanish|common|how-to-improve-your-speaking-skills
spanish|common|how-to-introduce-yourself-in-different-languages
spanish|common|back-to-school-essentials
spanish|common|common-ways-to-say-sorry
spanish|common|flag-day
spanish|common|how-will-you-spend-your-summer-vacation
spanish|common|most-common-adjectives
spanish|common|online-shopping-vocabulary
spanish|common|talking-about-colors
spanish|common|top-15-compliments-you-always-want-to-hear
spanish|common|vehicles
spanish|common|whats-your-number-one-reason-for-learning
spanish|common|words-and-phrases-for-enjoying-the-2016-summer-olympics
spanish|common|hygiene
spanish|common|kitchen
spanish|common|marine-animals
spanish|common|marriage-proposal-lines
spanish|common|media
spanish|common|meetings
spanish|common|memorial-day-in-the-united-states
spanish|common|most-common-texting-slang
spanish|common|most-common-ways-to-say-goodbye
spanish|common|most-useful-pronouns
spanish|common|must-know-expressions-for-agreeing-and-disagreeing
spanish|common|must-know-phrases-for-game-of-thrones-season-7
spanish|common|must-know-words-phrases-for-oktoberfest
spanish|common|must-know-words-phrases-to-use-at-an-amusement-park
spanish|common|numbers
spanish|common|phrases-related-to-diets
spanish|common|phrases-to-use-when-youre-angry
spanish|common|phrases-you-need-at-the-bus-or-train-station
spanish|common|phrases-your-parents-always-say
spanish|common|quotes-about-love
spanish|common|religion
spanish|common|school
spanish|common|summer-clothes-and-accessories
spanish|common|supermarket-words-and-phrases
spanish|common|survive-the-zombie-apocalypse-with-these-top-20-words-and-phrases
spanish|common|take-a-bite-out-of-these-shark-week-words
spanish|common|talking-about-days
spanish|common|talking-about-months
spanish|common|talking-about-time
spanish|common|the-10-most-romantic-ideas-for-a-date
spanish|common|the-top-10-ways-to-prepare-for-travel
spanish|common|tongue-twisters-in-different-languages
spanish|common|top-10-conversational-phrases
spanish|common|top-10-language-learning-strategies
spanish|common|top-10-quotes-about-family
spanish|common|top-10-quotes-about-friendship
spanish|common|top-10-quotes-about-language-learning
spanish|common|top-10-sentence-patterns-for-beginners
spanish|common|top-11-quotes-about-success
spanish|common|top-15-things-to-do-over-spring-break
spanish|common|top-20-words-youll-need-for-the-internet
spanish|common|top-30-travel-phrases-you-should-know
spanish|common|top-38-languages-spoken-in-the-world
spanish|common|top-7-lists-youll-need-to-improve-your-language-skills
spanish|common|top-excuses-people-use-to-put-off-learning-language
spanish|common|tourist-attractions
spanish|common|trade
spanish|common|trains
spanish|common|travel
spanish|common|traveling
spanish|common|useful-phrases-for-a-phone-call
spanish|common|vocabulary-for-nationalities
spanish|common|vocabulary-for-the-25-most-commonly-used-verbs-of-any-language
spanish|common|washingtons-birthday
spanish|common|ways-to-reject-an-invitation
spanish|common|what-is-your-language-learning-goal-for-the-month
spanish|common|which-language-would-you-like-to-learn-with-innovativelanguagecom
spanish|common|winter
spanish|common|word-phrase-list-for-007-james-bond-spectre
spanish|common|word-phrase-list-for-avengers-age-of-ultron
spanish|common|word-phrase-list-for-dancing-with-the-stars
spanish|common|word-phrase-list-for-downton-abbey
spanish|common|word-phrase-list-for-jurassic-world
spanish|common|word-phrase-list-for-mad-max
spanish|common|word-phrase-list-for-mission-impossible-5
spanish|common|word-phrase-list-for-the-apple-keynote-event
spanish|common|word-phrase-list-for-the-hunger-games-mockingjay-part-2
spanish|common|words-and-phrases-for-enjoying-the-cannes-film-festival
spanish|common|words-and-phrases-to-get-you-through-friday-the-13th
spanish|common|words-and-phrases-to-help-you-describe-your-feelings
spanish|common|words-and-phrases-to-help-you-in-an-emergency
spanish|common|words-and-phrases-to-wake-you-up-for-international-coffee-day
spanish|common|words-for-cosmetics-and-beauty
spanish|common|words-phrases-for-fantastic-beasts-and-where-to-find-them
spanish|common|words-to-know-for-presidents-day-in-the-united-states
spanish|common|world-continents-territories
spanish|common|world-countries
spanish|common|world-cup
spanish|extra|childrens-day
spanish|extra|flag-day-in-the-united-states
spanish|extra|how-to-ask-how-are-you-and-answer-it
spanish|extra|must-know-adverbs-and-phrases-for-connecting-thoughts
spanish|extra|sounds-that-animals-make
spanish|extra|top-ways-to-practice-your-language-reading-skills
spanish|extra|whats-your-favorite-way-to-learn-a-language
spanish|extra|word-phrase-list-for-furious-7
